Arguments: 
  /Users/joeypasque/.nvm/versions/node/v15.3.0/bin/node /usr/local/bin/yarn add @types/config-randomizer

PATH: 
  /Users/joeypasque/.nvm/versions/node/v15.3.0/bin:/Users/joeypasque/anaconda/bin:/Library/Frameworks/Python.framework/Versions/3.4/bin:/Library/Frameworks/Python.framework/Versions/3.4/bin:/usr/local/bin:/usr/bin:/bin:/usr/sbin:/sbin:/Library/TeX/texbin

Yarn version: 
  1.16.0

Node version: 
  15.3.0

Platform: 
  darwin x64

Trace: 
  Error: https://registry.yarnpkg.com/@types%2fconfig-randomizer: Not found
      at Request.params.callback [as _callback] (/usr/local/lib/node_modules/yarn/lib/cli.js:66091:18)
      at Request.self.callback (/usr/local/lib/node_modules/yarn/lib/cli.js:129590:22)
      at Request.emit (node:events:376:20)
      at Request.<anonymous> (/usr/local/lib/node_modules/yarn/lib/cli.js:130562:10)
      at Request.emit (node:events:376:20)
      at IncomingMessage.<anonymous> (/usr/local/lib/node_modules/yarn/lib/cli.js:130484:12)
      at Object.onceWrapper (node:events:482:28)
      at IncomingMessage.emit (node:events:388:22)
      at endReadableNT (node:internal/streams/readable:1294:12)
      at processTicksAndRejections (node:internal/process/task_queues:80:21)

npm manifest: 
  {
    "name": "entropy-td-core",
    "version": "1.0.0",
    "main": "lib/index.js",
    "types": "lib/index.d.ts",
    "license": "MIT",
    "scripts": {
      "build": "yarn clean && tsc -declaration",
      "clean": "rm -rf ./lib/"
    },
    "devDependencies": {},
    "dependencies": {
      "astar-typescript": "^1.2.5",
      "config-randomizer": "^1.0.1",
      "typescript": "^4.4.3"
    }
  }

yarn manifest: 
  No manifest

Lockfile: 
  # THIS IS AN AUTOGENERATED FILE. DO NOT EDIT THIS FILE DIRECTLY.
  # yarn lockfile v1
  
  
  astar-typescript@^1.2.5:
    version "1.2.5"
    resolved "https://registry.yarnpkg.com/astar-typescript/-/astar-typescript-1.2.5.tgz#93946c8bad155e6a5f69ce3bfbde9abbf6fd6732"
    integrity sha512-1ESY+q//Ous6QtW68woigdt5e0hI1DJJ4WtST1r14BuchUBUKKYlq6qLQCy1S8/IWMDnqNp/h79YUVXIlNPwkw==
    dependencies:
      lodash "4.17.20"
  
  config-randomizer@^1.0.1:
    version "1.0.1"
    resolved "https://registry.yarnpkg.com/config-randomizer/-/config-randomizer-1.0.1.tgz#44a89b05d0a1a8a2106de68991c993961f4fffd6"
    integrity sha512-IWruOXGDzfmBX5zXLPYU8xNGxYufK1UWm+vaUdQlcP5QrVf4C/LhTXZ9/kJgYTV6ANbiRaFFbksKtuY2zSDpZw==
  
  lodash@4.17.20:
    version "4.17.20"
    resolved "https://registry.yarnpkg.com/lodash/-/lodash-4.17.20.tgz#b44a9b6297bcb698f1c51a3545a2b3b368d59c52"
    integrity sha512-PlhdFcillOINfeV7Ni6oF1TAEayyZBoZ8bcshTHqOYJYlrqzRK5hagpagky5o4HfCzzd1TRkXPMFq6cKk9rGmA==
  
  typescript@^4.4.3:
    version "4.4.3"
    resolved "https://registry.yarnpkg.com/typescript/-/typescript-4.4.3.tgz#bdc5407caa2b109efd4f82fe130656f977a29324"
    integrity sha512-4xfscpisVgqqDfPaJo5vkd+Qd/ItkoagnHpufr+i2QCHBsNYp+G7UAoyFl8aPtx879u38wPV65rZ8qbGZijalA==
